<?xml version="1.0" encoding="UTF-8"?>
<!-- Generated by org.testng.reporters.JUnitXMLReporter -->
<testsuite ignored="0" hostname="DESKTOP-OLM4TNN" failures="0" tests="3" name="Default test" time="95.835" errors="0" timestamp="27 Nov 2018 18:20:44 GMT">
  <testcase classname="com.crm.qa.testcases.ContactsPageTest" name="verifyContactLabelTest" time="0.086"/>
  <testcase classname="com.crm.qa.testcases.ContactsPageTest" name="selectSingleContactTest" time="0.129"/>
  <testcase classname="com.crm.qa.testcases.ContactsPageTest" name="selectMultipleContactTest" time="0.337"/>
</testsuite> <!-- Default test -->
