<?xml version="1.0" encoding="UTF-8"?>
<!-- Generated by org.testng.reporters.JUnitXMLReporter -->
<testsuite ignored="0" hostname="DESKTOP-OLM4TNN" failures="0" tests="3" name="Default test" time="163.989" errors="0" timestamp="23 Nov 2018 16:26:28 GMT">
  <testcase classname="com.crm.qa.testcases.LoginPageTest" name="loginPageTitleTest" time="0.228"/>
  <testcase classname="com.crm.qa.testcases.LoginPageTest" name="crmLogoImageTest" time="0.958"/>
  <testcase classname="com.crm.qa.testcases.LoginPageTest" name="loginPage" time="25.345"/>
</testsuite> <!-- Default test -->
