<?xml version="1.0" encoding="UTF-8"?>
<!-- Generated by org.testng.reporters.JUnitXMLReporter -->
<testsuite hostname="DESKTOP-OLM4TNN" ignored="0" name="Command line test" tests="10" failures="0" timestamp="30 Nov 2018 03:06:06 GMT" time="202.859" errors="0">
  <testcase name="validateCreateNewContactTest" time="5.613" classname="com.crm.qa.testcases.ContactsPageTest"/>
  <testcase name="validateCreateNewContactTest" time="4.649" classname="com.crm.qa.testcases.ContactsPageTest"/>
  <testcase name="validateCreateNewContactTest" time="5.514" classname="com.crm.qa.testcases.ContactsPageTest"/>
  <testcase name="verifyContactLabelTest" time="0.095" classname="com.crm.qa.testcases.ContactsPageTest"/>
  <testcase name="verifyContactsLinkTest" time="2.139" classname="com.crm.qa.testcases.HomePageTest"/>
  <testcase name="verifyHomePageTitleTest" time="0.015" classname="com.crm.qa.testcases.HomePageTest"/>
  <testcase name="loginPageTitleTest" time="0.008" classname="com.crm.qa.testcases.LoginPageTest"/>
  <testcase name="loginTest" time="5.736" classname="com.crm.qa.testcases.LoginPageTest"/>
  <testcase name="verifyUserNameTest" time="0.092" classname="com.crm.qa.testcases.HomePageTest"/>
  <testcase name="crmLogoImageTest" time="0.042" classname="com.crm.qa.testcases.LoginPageTest"/>
</testsuite> <!-- Command line test -->
