<?xml version="1.0" encoding="UTF-8"?>
<testng-results skipped="0" failed="0" ignored="0" total="10" passed="10">
  <reporter-output>
  </reporter-output>
  <suite name="Command line suite" duration-ms="202859" started-at="2018-11-30T03:02:43Z" finished-at="2018-11-30T03:06:06Z">
    <groups>
    </groups>
    <test name="Command line test" duration-ms="202859" started-at="2018-11-30T03:02:43Z" finished-at="2018-11-30T03:06:06Z">
      <class name="com.crm.qa.testcases.HomePageTest">
        <test-method status="PASS" signature="setUp()[pri:0, instance:com.crm.qa.testcases.HomePageTest@614c5515]" name="setUp" is-config="true" duration-ms="15507" started-at="2018-11-30T03:04:27Z" finished-at="2018-11-30T03:04:43Z">
          <reporter-output>
          </reporter-output>
        </test-method> <!-- setUp -->
        <test-method status="PASS" signature="verifyContactsLinkTest()[pri:1, instance:com.crm.qa.testcases.HomePageTest@614c5515]" name="verifyContactsLinkTest" duration-ms="2139" started-at="2018-11-30T03:04:43Z" finished-at="2018-11-30T03:04:45Z">
          <reporter-output>
          </reporter-output>
        </test-method> <!-- verifyContactsLinkTest -->
        <test-method status="PASS" signature="teardown()[pri:0, instance:com.crm.qa.testcases.HomePageTest@614c5515]" name="teardown" is-config="true" duration-ms="1394" started-at="2018-11-30T03:04:45Z" finished-at="2018-11-30T03:04:46Z">
          <reporter-output>
          </reporter-output>
        </test-method> <!-- teardown -->
        <test-method status="PASS" signature="setUp()[pri:0, instance:com.crm.qa.testcases.HomePageTest@614c5515]" name="setUp" is-config="true" duration-ms="17533" started-at="2018-11-30T03:04:46Z" finished-at="2018-11-30T03:05:04Z">
          <reporter-output>
          </reporter-output>
        </test-method> <!-- setUp -->
        <test-method status="PASS" signature="verifyHomePageTitleTest()[pri:1, instance:com.crm.qa.testcases.HomePageTest@614c5515]" name="verifyHomePageTitleTest" duration-ms="15" started-at="2018-11-30T03:05:04Z" finished-at="2018-11-30T03:05:04Z">
          <reporter-output>
          </reporter-output>
        </test-method> <!-- verifyHomePageTitleTest -->
        <test-method status="PASS" signature="teardown()[pri:0, instance:com.crm.qa.testcases.HomePageTest@614c5515]" name="teardown" is-config="true" duration-ms="1054" started-at="2018-11-30T03:05:04Z" finished-at="2018-11-30T03:05:05Z">
          <reporter-output>
          </reporter-output>
        </test-method> <!-- teardown -->
        <test-method status="PASS" signature="setUp()[pri:0, instance:com.crm.qa.testcases.HomePageTest@614c5515]" name="setUp" is-config="true" duration-ms="18259" started-at="2018-11-30T03:05:35Z" finished-at="2018-11-30T03:05:53Z">
          <reporter-output>
          </reporter-output>
        </test-method> <!-- setUp -->
        <test-method status="PASS" signature="verifyUserNameTest()[pri:2, instance:com.crm.qa.testcases.HomePageTest@614c5515]" name="verifyUserNameTest" duration-ms="92" started-at="2018-11-30T03:05:53Z" finished-at="2018-11-30T03:05:53Z">
          <reporter-output>
          </reporter-output>
        </test-method> <!-- verifyUserNameTest -->
        <test-method status="PASS" signature="teardown()[pri:0, instance:com.crm.qa.testcases.HomePageTest@614c5515]" name="teardown" is-config="true" duration-ms="1206" started-at="2018-11-30T03:05:53Z" finished-at="2018-11-30T03:05:54Z">
          <reporter-output>
          </reporter-output>
        </test-method> <!-- teardown -->
      </class> <!-- com.crm.qa.testcases.HomePageTest -->
      <class name="com.crm.qa.testcases.ContactsPageTest">
        <test-method status="PASS" signature="setUp()[pri:0, instance:com.crm.qa.testcases.ContactsPageTest@6fb554cc]" name="setUp" is-config="true" duration-ms="25945" started-at="2018-11-30T03:02:44Z" finished-at="2018-11-30T03:03:10Z">
          <reporter-output>
          </reporter-output>
        </test-method> <!-- setUp -->
        <test-method status="PASS" signature="validateCreateNewContactTest(java.lang.String, java.lang.String, java.lang.String, java.lang.String)[pri:0, instance:com.crm.qa.testcases.ContactsPageTest@6fb554cc]" name="validateCreateNewContactTest" duration-ms="5613" started-at="2018-11-30T03:03:10Z" data-provider="getCRMTestData" finished-at="2018-11-30T03:03:15Z">
          <params>
            <param index="0">
              <value>
                <![CDATA[Mr.]]>
              </value>
            </param>
            <param index="1">
              <value>
                <![CDATA[A1]]>
              </value>
            </param>
            <param index="2">
              <value>
                <![CDATA[B1]]>
              </value>
            </param>
            <param index="3">
              <value>
                <![CDATA[C1]]>
              </value>
            </param>
          </params>
          <reporter-output>
          </reporter-output>
        </test-method> <!-- validateCreateNewContactTest -->
        <test-method status="PASS" signature="teardown()[pri:0, instance:com.crm.qa.testcases.ContactsPageTest@6fb554cc]" name="teardown" is-config="true" duration-ms="1450" started-at="2018-11-30T03:03:15Z" finished-at="2018-11-30T03:03:17Z">
          <reporter-output>
          </reporter-output>
        </test-method> <!-- teardown -->
        <test-method status="PASS" signature="setUp()[pri:0, instance:com.crm.qa.testcases.ContactsPageTest@6fb554cc]" name="setUp" is-config="true" duration-ms="18925" started-at="2018-11-30T03:03:17Z" finished-at="2018-11-30T03:03:36Z">
          <reporter-output>
          </reporter-output>
        </test-method> <!-- setUp -->
        <test-method status="PASS" signature="validateCreateNewContactTest(java.lang.String, java.lang.String, java.lang.String, java.lang.String)[pri:0, instance:com.crm.qa.testcases.ContactsPageTest@6fb554cc]" name="validateCreateNewContactTest" duration-ms="4649" started-at="2018-11-30T03:03:36Z" data-provider="getCRMTestData" finished-at="2018-11-30T03:03:40Z">
          <params>
            <param index="0">
              <value>
                <![CDATA[Dr.]]>
              </value>
            </param>
            <param index="1">
              <value>
                <![CDATA[A2]]>
              </value>
            </param>
            <param index="2">
              <value>
                <![CDATA[B2]]>
              </value>
            </param>
            <param index="3">
              <value>
                <![CDATA[C2]]>
              </value>
            </param>
          </params>
          <reporter-output>
          </reporter-output>
        </test-method> <!-- validateCreateNewContactTest -->
        <test-method status="PASS" signature="teardown()[pri:0, instance:com.crm.qa.testcases.ContactsPageTest@6fb554cc]" name="teardown" is-config="true" duration-ms="1163" started-at="2018-11-30T03:03:40Z" finished-at="2018-11-30T03:03:41Z">
          <reporter-output>
          </reporter-output>
        </test-method> <!-- teardown -->
        <test-method status="PASS" signature="setUp()[pri:0, instance:com.crm.qa.testcases.ContactsPageTest@6fb554cc]" name="setUp" is-config="true" duration-ms="17361" started-at="2018-11-30T03:03:41Z" finished-at="2018-11-30T03:03:59Z">
          <reporter-output>
          </reporter-output>
        </test-method> <!-- setUp -->
        <test-method status="PASS" signature="validateCreateNewContactTest(java.lang.String, java.lang.String, java.lang.String, java.lang.String)[pri:0, instance:com.crm.qa.testcases.ContactsPageTest@6fb554cc]" name="validateCreateNewContactTest" duration-ms="5514" started-at="2018-11-30T03:03:59Z" data-provider="getCRMTestData" finished-at="2018-11-30T03:04:04Z">
          <params>
            <param index="0">
              <value>
                <![CDATA[Mrs.]]>
              </value>
            </param>
            <param index="1">
              <value>
                <![CDATA[A3]]>
              </value>
            </param>
            <param index="2">
              <value>
                <![CDATA[B3]]>
              </value>
            </param>
            <param index="3">
              <value>
                <![CDATA[C3]]>
              </value>
            </param>
          </params>
          <reporter-output>
          </reporter-output>
        </test-method> <!-- validateCreateNewContactTest -->
        <test-method status="PASS" signature="teardown()[pri:0, instance:com.crm.qa.testcases.ContactsPageTest@6fb554cc]" name="teardown" is-config="true" duration-ms="1147" started-at="2018-11-30T03:04:04Z" finished-at="2018-11-30T03:04:05Z">
          <reporter-output>
          </reporter-output>
        </test-method> <!-- teardown -->
        <test-method status="PASS" signature="setUp()[pri:0, instance:com.crm.qa.testcases.ContactsPageTest@6fb554cc]" name="setUp" is-config="true" duration-ms="19356" started-at="2018-11-30T03:04:05Z" finished-at="2018-11-30T03:04:25Z">
          <reporter-output>
          </reporter-output>
        </test-method> <!-- setUp -->
        <test-method status="PASS" signature="verifyContactLabelTest()[pri:0, instance:com.crm.qa.testcases.ContactsPageTest@6fb554cc]" name="verifyContactLabelTest" duration-ms="95" started-at="2018-11-30T03:04:25Z" finished-at="2018-11-30T03:04:25Z">
          <reporter-output>
          </reporter-output>
        </test-method> <!-- verifyContactLabelTest -->
        <test-method status="PASS" signature="teardown()[pri:0, instance:com.crm.qa.testcases.ContactsPageTest@6fb554cc]" name="teardown" is-config="true" duration-ms="2207" started-at="2018-11-30T03:04:25Z" finished-at="2018-11-30T03:04:27Z">
          <reporter-output>
          </reporter-output>
        </test-method> <!-- teardown -->
      </class> <!-- com.crm.qa.testcases.ContactsPageTest -->
      <class name="com.crm.qa.testcases.LoginPageTest">
        <test-method status="PASS" signature="setUp()[pri:0, instance:com.crm.qa.testcases.LoginPageTest@77b52d12]" name="setUp" is-config="true" duration-ms="11450" started-at="2018-11-30T03:05:05Z" finished-at="2018-11-30T03:05:16Z">
          <reporter-output>
          </reporter-output>
        </test-method> <!-- setUp -->
        <test-method status="PASS" signature="loginPageTitleTest()[pri:1, instance:com.crm.qa.testcases.LoginPageTest@77b52d12]" name="loginPageTitleTest" duration-ms="8" started-at="2018-11-30T03:05:16Z" finished-at="2018-11-30T03:05:16Z">
          <reporter-output>
          </reporter-output>
        </test-method> <!-- loginPageTitleTest -->
        <test-method status="PASS" signature="teardown()[pri:0, instance:com.crm.qa.testcases.LoginPageTest@77b52d12]" name="teardown" is-config="true" duration-ms="1110" started-at="2018-11-30T03:05:16Z" finished-at="2018-11-30T03:05:17Z">
          <reporter-output>
          </reporter-output>
        </test-method> <!-- teardown -->
        <test-method status="PASS" signature="setUp()[pri:0, instance:com.crm.qa.testcases.LoginPageTest@77b52d12]" name="setUp" is-config="true" duration-ms="10527" started-at="2018-11-30T03:05:17Z" finished-at="2018-11-30T03:05:28Z">
          <reporter-output>
          </reporter-output>
        </test-method> <!-- setUp -->
        <test-method status="PASS" signature="loginTest()[pri:1, instance:com.crm.qa.testcases.LoginPageTest@77b52d12]" name="loginTest" duration-ms="5736" started-at="2018-11-30T03:05:28Z" finished-at="2018-11-30T03:05:34Z">
          <reporter-output>
          </reporter-output>
        </test-method> <!-- loginTest -->
        <test-method status="PASS" signature="teardown()[pri:0, instance:com.crm.qa.testcases.LoginPageTest@77b52d12]" name="teardown" is-config="true" duration-ms="1047" started-at="2018-11-30T03:05:34Z" finished-at="2018-11-30T03:05:35Z">
          <reporter-output>
          </reporter-output>
        </test-method> <!-- teardown -->
        <test-method status="PASS" signature="setUp()[pri:0, instance:com.crm.qa.testcases.LoginPageTest@77b52d12]" name="setUp" is-config="true" duration-ms="10494" started-at="2018-11-30T03:05:54Z" finished-at="2018-11-30T03:06:05Z">
          <reporter-output>
          </reporter-output>
        </test-method> <!-- setUp -->
        <test-method status="PASS" signature="crmLogoImageTest()[pri:2, instance:com.crm.qa.testcases.LoginPageTest@77b52d12]" name="crmLogoImageTest" duration-ms="42" started-at="2018-11-30T03:06:05Z" finished-at="2018-11-30T03:06:05Z">
          <reporter-output>
          </reporter-output>
        </test-method> <!-- crmLogoImageTest -->
        <test-method status="PASS" signature="teardown()[pri:0, instance:com.crm.qa.testcases.LoginPageTest@77b52d12]" name="teardown" is-config="true" duration-ms="1100" started-at="2018-11-30T03:06:05Z" finished-at="2018-11-30T03:06:06Z">
          <reporter-output>
          </reporter-output>
        </test-method> <!-- teardown -->
      </class> <!-- com.crm.qa.testcases.LoginPageTest -->
    </test> <!-- Command line test -->
  </suite> <!-- Command line suite -->
</testng-results>
