<?xml version="1.0" encoding="UTF-8"?>
<testng-results ignored="0" total="12" passed="12" failed="0" skipped="0">
  <reporter-output>
  </reporter-output>
  <suite started-at="2018-11-30T02:06:43Z" name="Test Practice GATZ113018" finished-at="2018-11-30T02:10:46Z" duration-ms="242839">
    <groups>
    </groups>
    <test started-at="2018-11-30T02:06:43Z" name="Test Cases" finished-at="2018-11-30T02:10:46Z" duration-ms="242839">
      <class name="com.crm.qa.testcases.HomePageTest">
        <test-method is-config="true" signature="setUp()[pri:0, instance:com.crm.qa.testcases.HomePageTest@5f683daf]" started-at="2018-11-30T02:07:01Z" name="setUp" finished-at="2018-11-30T02:07:19Z" duration-ms="18658" status="PASS">
          <reporter-output>
          </reporter-output>
        </test-method> <!-- setUp -->
        <test-method signature="verifyHomePageTitleTest()[pri:1, instance:com.crm.qa.testcases.HomePageTest@5f683daf]" started-at="2018-11-30T02:07:19Z" name="verifyHomePageTitleTest" finished-at="2018-11-30T02:07:19Z" duration-ms="8" status="PASS">
          <reporter-output>
          </reporter-output>
        </test-method> <!-- verifyHomePageTitleTest -->
        <test-method is-config="true" signature="teardown()[pri:0, instance:com.crm.qa.testcases.HomePageTest@5f683daf]" started-at="2018-11-30T02:07:19Z" name="teardown" finished-at="2018-11-30T02:07:21Z" duration-ms="1529" status="PASS">
          <reporter-output>
          </reporter-output>
        </test-method> <!-- teardown -->
        <test-method is-config="true" signature="setUp()[pri:0, instance:com.crm.qa.testcases.HomePageTest@5f683daf]" started-at="2018-11-30T02:07:54Z" name="setUp" finished-at="2018-11-30T02:08:10Z" duration-ms="16278" status="PASS">
          <reporter-output>
          </reporter-output>
        </test-method> <!-- setUp -->
        <test-method signature="verifyUserNameTest()[pri:2, instance:com.crm.qa.testcases.HomePageTest@5f683daf]" started-at="2018-11-30T02:08:10Z" name="verifyUserNameTest" finished-at="2018-11-30T02:08:10Z" duration-ms="105" status="PASS">
          <reporter-output>
          </reporter-output>
        </test-method> <!-- verifyUserNameTest -->
        <test-method is-config="true" signature="teardown()[pri:0, instance:com.crm.qa.testcases.HomePageTest@5f683daf]" started-at="2018-11-30T02:08:10Z" name="teardown" finished-at="2018-11-30T02:08:11Z" duration-ms="1148" status="PASS">
          <reporter-output>
          </reporter-output>
        </test-method> <!-- teardown -->
        <test-method is-config="true" signature="setUp()[pri:0, instance:com.crm.qa.testcases.HomePageTest@5f683daf]" started-at="2018-11-30T02:08:51Z" name="setUp" finished-at="2018-11-30T02:09:07Z" duration-ms="15782" status="PASS">
          <reporter-output>
          </reporter-output>
        </test-method> <!-- setUp -->
        <test-method signature="verifyContactsLinkTest()[pri:3, instance:com.crm.qa.testcases.HomePageTest@5f683daf]" started-at="2018-11-30T02:09:07Z" name="verifyContactsLinkTest" finished-at="2018-11-30T02:09:09Z" duration-ms="2315" status="PASS">
          <reporter-output>
          </reporter-output>
        </test-method> <!-- verifyContactsLinkTest -->
        <test-method is-config="true" signature="teardown()[pri:0, instance:com.crm.qa.testcases.HomePageTest@5f683daf]" started-at="2018-11-30T02:09:09Z" name="teardown" finished-at="2018-11-30T02:09:10Z" duration-ms="1310" status="PASS">
          <reporter-output>
          </reporter-output>
        </test-method> <!-- teardown -->
      </class> <!-- com.crm.qa.testcases.HomePageTest -->
      <class name="com.crm.qa.testcases.ContactsPageTest">
        <test-method is-config="true" signature="setUp()[pri:0, instance:com.crm.qa.testcases.ContactsPageTest@78ffe6dc]" started-at="2018-11-30T02:07:21Z" name="setUp" finished-at="2018-11-30T02:07:40Z" duration-ms="18616" status="PASS">
          <reporter-output>
          </reporter-output>
        </test-method> <!-- setUp -->
        <test-method signature="verifyContactLabelTest()[pri:1, instance:com.crm.qa.testcases.ContactsPageTest@78ffe6dc]" started-at="2018-11-30T02:07:40Z" name="verifyContactLabelTest" finished-at="2018-11-30T02:07:40Z" duration-ms="39" status="PASS">
          <reporter-output>
          </reporter-output>
        </test-method> <!-- verifyContactLabelTest -->
        <test-method is-config="true" signature="teardown()[pri:0, instance:com.crm.qa.testcases.ContactsPageTest@78ffe6dc]" started-at="2018-11-30T02:07:40Z" name="teardown" finished-at="2018-11-30T02:07:42Z" duration-ms="2157" status="PASS">
          <reporter-output>
          </reporter-output>
        </test-method> <!-- teardown -->
        <test-method is-config="true" signature="setUp()[pri:0, instance:com.crm.qa.testcases.ContactsPageTest@78ffe6dc]" started-at="2018-11-30T02:08:11Z" name="setUp" finished-at="2018-11-30T02:08:32Z" duration-ms="20221" status="PASS">
          <reporter-output>
          </reporter-output>
        </test-method> <!-- setUp -->
        <test-method signature="selectSingleContactTest()[pri:2, instance:com.crm.qa.testcases.ContactsPageTest@78ffe6dc]" started-at="2018-11-30T02:08:32Z" name="selectSingleContactTest" finished-at="2018-11-30T02:08:32Z" duration-ms="143" status="PASS">
          <reporter-output>
          </reporter-output>
        </test-method> <!-- selectSingleContactTest -->
        <test-method is-config="true" signature="teardown()[pri:0, instance:com.crm.qa.testcases.ContactsPageTest@78ffe6dc]" started-at="2018-11-30T02:08:32Z" name="teardown" finished-at="2018-11-30T02:08:34Z" duration-ms="1715" status="PASS">
          <reporter-output>
          </reporter-output>
        </test-method> <!-- teardown -->
        <test-method is-config="true" signature="setUp()[pri:0, instance:com.crm.qa.testcases.ContactsPageTest@78ffe6dc]" started-at="2018-11-30T02:09:10Z" name="setUp" finished-at="2018-11-30T02:09:29Z" duration-ms="18932" status="PASS">
          <reporter-output>
          </reporter-output>
        </test-method> <!-- setUp -->
        <test-method signature="selectMultipleContactTest()[pri:3, instance:com.crm.qa.testcases.ContactsPageTest@78ffe6dc]" started-at="2018-11-30T02:09:29Z" name="selectMultipleContactTest" finished-at="2018-11-30T02:09:30Z" duration-ms="347" status="PASS">
          <reporter-output>
          </reporter-output>
        </test-method> <!-- selectMultipleContactTest -->
        <test-method is-config="true" signature="teardown()[pri:0, instance:com.crm.qa.testcases.ContactsPageTest@78ffe6dc]" started-at="2018-11-30T02:09:30Z" name="teardown" finished-at="2018-11-30T02:09:31Z" duration-ms="1492" status="PASS">
          <reporter-output>
          </reporter-output>
        </test-method> <!-- teardown -->
        <test-method is-config="true" signature="setUp()[pri:0, instance:com.crm.qa.testcases.ContactsPageTest@78ffe6dc]" started-at="2018-11-30T02:09:32Z" name="setUp" finished-at="2018-11-30T02:09:50Z" duration-ms="17987" status="PASS">
          <reporter-output>
          </reporter-output>
        </test-method> <!-- setUp -->
        <test-method signature="validateCreateNewContactTest(java.lang.String, java.lang.String, java.lang.String, java.lang.String)[pri:4, instance:com.crm.qa.testcases.ContactsPageTest@78ffe6dc]" started-at="2018-11-30T02:09:50Z" name="validateCreateNewContactTest" data-provider="getCRMTestData" finished-at="2018-11-30T02:09:55Z" duration-ms="4962" status="PASS">
          <params>
            <param index="0">
              <value>
                <![CDATA[Mr.]]>
              </value>
            </param>
            <param index="1">
              <value>
                <![CDATA[A1]]>
              </value>
            </param>
            <param index="2">
              <value>
                <![CDATA[B1]]>
              </value>
            </param>
            <param index="3">
              <value>
                <![CDATA[C1]]>
              </value>
            </param>
          </params>
          <reporter-output>
          </reporter-output>
        </test-method> <!-- validateCreateNewContactTest -->
        <test-method is-config="true" signature="teardown()[pri:0, instance:com.crm.qa.testcases.ContactsPageTest@78ffe6dc]" started-at="2018-11-30T02:09:55Z" name="teardown" finished-at="2018-11-30T02:09:56Z" duration-ms="1159" status="PASS">
          <reporter-output>
          </reporter-output>
        </test-method> <!-- teardown -->
        <test-method is-config="true" signature="setUp()[pri:0, instance:com.crm.qa.testcases.ContactsPageTest@78ffe6dc]" started-at="2018-11-30T02:09:56Z" name="setUp" finished-at="2018-11-30T02:10:16Z" duration-ms="19404" status="PASS">
          <reporter-output>
          </reporter-output>
        </test-method> <!-- setUp -->
        <test-method signature="validateCreateNewContactTest(java.lang.String, java.lang.String, java.lang.String, java.lang.String)[pri:4, instance:com.crm.qa.testcases.ContactsPageTest@78ffe6dc]" started-at="2018-11-30T02:10:16Z" name="validateCreateNewContactTest" data-provider="getCRMTestData" finished-at="2018-11-30T02:10:20Z" duration-ms="4661" status="PASS">
          <params>
            <param index="0">
              <value>
                <![CDATA[Dr.]]>
              </value>
            </param>
            <param index="1">
              <value>
                <![CDATA[A2]]>
              </value>
            </param>
            <param index="2">
              <value>
                <![CDATA[B2]]>
              </value>
            </param>
            <param index="3">
              <value>
                <![CDATA[C2]]>
              </value>
            </param>
          </params>
          <reporter-output>
          </reporter-output>
        </test-method> <!-- validateCreateNewContactTest -->
        <test-method is-config="true" signature="teardown()[pri:0, instance:com.crm.qa.testcases.ContactsPageTest@78ffe6dc]" started-at="2018-11-30T02:10:20Z" name="teardown" finished-at="2018-11-30T02:10:22Z" duration-ms="1233" status="PASS">
          <reporter-output>
          </reporter-output>
        </test-method> <!-- teardown -->
        <test-method is-config="true" signature="setUp()[pri:0, instance:com.crm.qa.testcases.ContactsPageTest@78ffe6dc]" started-at="2018-11-30T02:10:22Z" name="setUp" finished-at="2018-11-30T02:10:41Z" duration-ms="18928" status="PASS">
          <reporter-output>
          </reporter-output>
        </test-method> <!-- setUp -->
        <test-method signature="validateCreateNewContactTest(java.lang.String, java.lang.String, java.lang.String, java.lang.String)[pri:4, instance:com.crm.qa.testcases.ContactsPageTest@78ffe6dc]" started-at="2018-11-30T02:10:41Z" name="validateCreateNewContactTest" data-provider="getCRMTestData" finished-at="2018-11-30T02:10:45Z" duration-ms="4610" status="PASS">
          <params>
            <param index="0">
              <value>
                <![CDATA[Mrs.]]>
              </value>
            </param>
            <param index="1">
              <value>
                <![CDATA[A3]]>
              </value>
            </param>
            <param index="2">
              <value>
                <![CDATA[B3]]>
              </value>
            </param>
            <param index="3">
              <value>
                <![CDATA[C3]]>
              </value>
            </param>
          </params>
          <reporter-output>
          </reporter-output>
        </test-method> <!-- validateCreateNewContactTest -->
        <test-method is-config="true" signature="teardown()[pri:0, instance:com.crm.qa.testcases.ContactsPageTest@78ffe6dc]" started-at="2018-11-30T02:10:45Z" name="teardown" finished-at="2018-11-30T02:10:46Z" duration-ms="1067" status="PASS">
          <reporter-output>
          </reporter-output>
        </test-method> <!-- teardown -->
      </class> <!-- com.crm.qa.testcases.ContactsPageTest -->
      <class name="com.crm.qa.testcases.LoginPageTest">
        <test-method is-config="true" signature="setUp()[pri:0, instance:com.crm.qa.testcases.LoginPageTest@4a668b6e]" started-at="2018-11-30T02:06:43Z" name="setUp" finished-at="2018-11-30T02:07:00Z" duration-ms="16103" status="PASS">
          <reporter-output>
          </reporter-output>
        </test-method> <!-- setUp -->
        <test-method signature="loginPageTitleTest()[pri:1, instance:com.crm.qa.testcases.LoginPageTest@4a668b6e]" started-at="2018-11-30T02:07:00Z" name="loginPageTitleTest" finished-at="2018-11-30T02:07:00Z" duration-ms="49" status="PASS">
          <reporter-output>
          </reporter-output>
        </test-method> <!-- loginPageTitleTest -->
        <test-method is-config="true" signature="teardown()[pri:0, instance:com.crm.qa.testcases.LoginPageTest@4a668b6e]" started-at="2018-11-30T02:07:00Z" name="teardown" finished-at="2018-11-30T02:07:01Z" duration-ms="1180" status="PASS">
          <reporter-output>
          </reporter-output>
        </test-method> <!-- teardown -->
        <test-method is-config="true" signature="setUp()[pri:0, instance:com.crm.qa.testcases.LoginPageTest@4a668b6e]" started-at="2018-11-30T02:07:42Z" name="setUp" finished-at="2018-11-30T02:07:53Z" duration-ms="11023" status="PASS">
          <reporter-output>
          </reporter-output>
        </test-method> <!-- setUp -->
        <test-method signature="crmLogoImageTest()[pri:2, instance:com.crm.qa.testcases.LoginPageTest@4a668b6e]" started-at="2018-11-30T02:07:53Z" name="crmLogoImageTest" finished-at="2018-11-30T02:07:53Z" duration-ms="46" status="PASS">
          <reporter-output>
          </reporter-output>
        </test-method> <!-- crmLogoImageTest -->
        <test-method is-config="true" signature="teardown()[pri:0, instance:com.crm.qa.testcases.LoginPageTest@4a668b6e]" started-at="2018-11-30T02:07:53Z" name="teardown" finished-at="2018-11-30T02:07:54Z" duration-ms="1012" status="PASS">
          <reporter-output>
          </reporter-output>
        </test-method> <!-- teardown -->
        <test-method is-config="true" signature="setUp()[pri:0, instance:com.crm.qa.testcases.LoginPageTest@4a668b6e]" started-at="2018-11-30T02:08:34Z" name="setUp" finished-at="2018-11-30T02:08:44Z" duration-ms="10502" status="PASS">
          <reporter-output>
          </reporter-output>
        </test-method> <!-- setUp -->
        <test-method signature="loginTest()[pri:3, instance:com.crm.qa.testcases.LoginPageTest@4a668b6e]" started-at="2018-11-30T02:08:44Z" name="loginTest" finished-at="2018-11-30T02:08:50Z" duration-ms="5687" status="PASS">
          <reporter-output>
          </reporter-output>
        </test-method> <!-- loginTest -->
        <test-method is-config="true" signature="teardown()[pri:0, instance:com.crm.qa.testcases.LoginPageTest@4a668b6e]" started-at="2018-11-30T02:08:50Z" name="teardown" finished-at="2018-11-30T02:08:51Z" duration-ms="1227" status="PASS">
          <reporter-output>
          </reporter-output>
        </test-method> <!-- teardown -->
      </class> <!-- com.crm.qa.testcases.LoginPageTest -->
    </test> <!-- Test Cases -->
  </suite> <!-- Test Practice GATZ113018 -->
</testng-results>
