<?xml version="1.0" encoding="UTF-8"?>
<testng-results ignored="0" total="3" passed="3" failed="0" skipped="0">
  <reporter-output>
  </reporter-output>
  <suite started-at="2018-11-23T16:23:40Z" name="Default suite" finished-at="2018-11-23T16:26:24Z" duration-ms="163989">
    <groups>
    </groups>
    <test started-at="2018-11-23T16:23:40Z" name="Default test" finished-at="2018-11-23T16:26:24Z" duration-ms="163989">
      <class name="com.crm.qa.testcases.LoginPageTest">
        <test-method is-config="true" signature="setUp()[pri:0, instance:com.crm.qa.testcases.LoginPageTest@3943a2be]" started-at="2018-11-23T16:23:40Z" name="setUp" finished-at="2018-11-23T16:24:14Z" duration-ms="34056" status="PASS">
          <reporter-output>
          </reporter-output>
        </test-method> <!-- setUp -->
        <test-method signature="loginPageTitleTest()[pri:1, instance:com.crm.qa.testcases.LoginPageTest@3943a2be]" started-at="2018-11-23T16:24:14Z" name="loginPageTitleTest" finished-at="2018-11-23T16:24:14Z" duration-ms="228" status="PASS">
          <reporter-output>
          </reporter-output>
        </test-method> <!-- loginPageTitleTest -->
        <test-method is-config="true" signature="setUp()[pri:0, instance:com.crm.qa.testcases.LoginPageTest@3943a2be]" started-at="2018-11-23T16:24:14Z" name="setUp" finished-at="2018-11-23T16:25:11Z" duration-ms="56587" status="PASS">
          <reporter-output>
          </reporter-output>
        </test-method> <!-- setUp -->
        <test-method signature="crmLogoImageTest()[pri:2, instance:com.crm.qa.testcases.LoginPageTest@3943a2be]" started-at="2018-11-23T16:25:11Z" name="crmLogoImageTest" finished-at="2018-11-23T16:25:12Z" duration-ms="958" status="PASS">
          <reporter-output>
          </reporter-output>
        </test-method> <!-- crmLogoImageTest -->
        <test-method is-config="true" signature="setUp()[pri:0, instance:com.crm.qa.testcases.LoginPageTest@3943a2be]" started-at="2018-11-23T16:25:12Z" name="setUp" finished-at="2018-11-23T16:25:55Z" duration-ms="42715" status="PASS">
          <reporter-output>
          </reporter-output>
        </test-method> <!-- setUp -->
        <test-method signature="loginPage()[pri:3, instance:com.crm.qa.testcases.LoginPageTest@3943a2be]" started-at="2018-11-23T16:25:55Z" name="loginPage" finished-at="2018-11-23T16:26:20Z" duration-ms="25345" status="PASS">
          <reporter-output>
          </reporter-output>
        </test-method> <!-- loginPage -->
        <test-method is-config="true" signature="teardown()[pri:0, instance:com.crm.qa.testcases.LoginPageTest@3943a2be]" started-at="2018-11-23T16:26:20Z" name="teardown" finished-at="2018-11-23T16:26:24Z" duration-ms="4048" status="PASS">
          <reporter-output>
          </reporter-output>
        </test-method> <!-- teardown -->
      </class> <!-- com.crm.qa.testcases.LoginPageTest -->
    </test> <!-- Default test -->
  </suite> <!-- Default suite -->
</testng-results>
